<?xml version="1.0" encoding="UTF-8"?>
<!-- Generated by org.testng.reporters.JUnitXMLReporter -->
<testsuite ignored="0" hostname="DESKTOP-SEGDMQH" failures="7" tests="18" name="Command line test" time="69.213" errors="0" timestamp="2021-11-28T18:19:55 CET">
  <testcase classname="gmibank.com.tests.US05_Test" name="TC0501" time="2.703"/>
  <testcase classname="gmibank.com.tests.US05_Test" name="TC0502" time="1.417">
    <failure type="java.lang.AssertionError" message="expected [4] but found [1]">
      <![CDATA[java.lang.AssertionError: expected [4] but found [1]
at gmibank.com.tests.US05_Test.TC0502(US05_Test.java:41)
at java.base/java.util.ArrayList.forEach(ArrayList.java:1511)
... Removed 42 stack frames]]>
    </failure>
  </testcase> <!-- TC0502 -->
  <testcase classname="gmibank.com.tests.US05_Test" name="TC0503" time="1.366">
    <failure type="java.lang.AssertionError" message="expected [Mehm] but found [Cord]">
      <![CDATA[java.lang.AssertionError: expected [Mehm] but found [Cord]
at gmibank.com.tests.US05_Test.TC0503(US05_Test.java:57)
at java.base/java.util.ArrayList.forEach(ArrayList.java:1511)
... Removed 42 stack frames]]>
    </failure>
  </testcase> <!-- TC0503 -->
  <testcase classname="gmibank.com.tests.US_01_Test" name="ustc04" time="0.001"/>
  <testcase classname="gmibank.com.tests.US_02_Test" name="test" time="1.971">
    <failure type="java.lang.IndexOutOfBoundsException" message="Index 0 out of bounds for length 0">
      <![CDATA[java.lang.IndexOutOfBoundsException: Index 0 out of bounds for length 0
at java.base/jdk.internal.util.Preconditions.outOfBounds(Preconditions.java:64)
at java.base/jdk.internal.util.Preconditions.outOfBoundsCheckIndex(Preconditions.java:70)
at java.base/jdk.internal.util.Preconditions.checkIndex(Preconditions.java:266)
at java.base/java.util.Objects.checkIndex(Objects.java:359)
at java.base/java.util.ArrayList.get(ArrayList.java:427)
at gmibank.com.tests.US_02_Test.test(US_02_Test.java:22)
at java.base/java.util.ArrayList.forEach(ArrayList.java:1511)
... Removed 37 stack frames]]>
    </failure>
  </testcase> <!-- test -->
  <testcase classname="gmibank.com.tests.US_02_Test" name="test01" time="2.021"/>
  <testcase classname="gmibank.com.tests.US_03_Test" name="TC0303" time="4.571"/>
  <testcase classname="gmibank.com.tests.US_04_Test" name="tc0401" time="6.27"/>
  <testcase classname="gmibank.com.tests.US_04_Test" name="tc0402" time="5.061"/>
  <testcase classname="gmibank.com.tests.US_06_Test" name="TC_0601" time="1.964">
    <failure type="java.lang.AssertionError" message="expected [7] but found [1]">
      <![CDATA[java.lang.AssertionError: expected [7] but found [1]
at gmibank.com.tests.US_06_Test.TC_0601(US_06_Test.java:25)
at java.base/java.util.ArrayList.forEach(ArrayList.java:1511)
... Removed 42 stack frames]]>
    </failure>
  </testcase> <!-- TC_0601 -->
  <testcase classname="gmibank.com.tests.US_06_Test" name="TC_0602" time="1.509">
    <failure type="java.lang.AssertionError" message="expected [888] but found [2]">
      <![CDATA[java.lang.AssertionError: expected [888] but found [2]
at gmibank.com.tests.US_06_Test.TC_0602(US_06_Test.java:42)
at java.base/java.util.ArrayList.forEach(ArrayList.java:1511)
... Removed 42 stack frames]]>
    </failure>
  </testcase> <!-- TC_0602 -->
  <testcase classname="gmibank.com.tests.US_06_Test" name="TC_0603" time="1.622">
    <failure type="java.lang.AssertionError" message="expected [4] but found [50]">
      <![CDATA[java.lang.AssertionError: expected [4] but found [50]
at gmibank.com.tests.US_06_Test.TC_0603(US_06_Test.java:62)
at java.base/java.util.ArrayList.forEach(ArrayList.java:1511)
... Removed 42 stack frames]]>
    </failure>
  </testcase> <!-- TC_0603 -->
  <testcase classname="gmibank.com.tests.US_07_Test" name="TC_0701" time="19.288"/>
  <testcase classname="gmibank.com.tests.US_07_Test" name="TC_0702" time="7.711"/>
  <testcase classname="gmibank.com.tests.US_07_Test" name="TC_0703" time="3.216"/>
  <testcase classname="gmibank.com.tests.US_10_Test" name="tc1001" time="4.805"/>
  <testcase classname="gmibank.com.tests.US_10_Test" name="tc1002" time="1.48"/>
  <testcase classname="gmibank.com.tests.US_10_Test" name="tc1003" time="2.192">
    <failure type="java.lang.AssertionError" message="expected [7060] but found [null]">
      <![CDATA[java.lang.AssertionError: expected [7060] but found [null]
at gmibank.com.tests.US_10_Test.tc1003(US_10_Test.java:65)
at java.base/java.util.ArrayList.forEach(ArrayList.java:1511)
... Removed 43 stack frames]]>
    </failure>
  </testcase> <!-- tc1003 -->
</testsuite> <!-- Command line test -->
